<?xml version="1.0" encoding="UTF-8" ?>
<testsuite failures="0" time="0.718" errors="0" skipped="0" tests="3" name="TestSuite">
  <properties>
    <property name="java.runtime.name" value="Java(TM) SE Runtime Environment"/>
    <property name="sun.boot.library.path" value="C:\Program Files\Java\jdk1.6.0_22\jre\bin"/>
    <property name="java.vm.version" value="17.1-b03"/>
    <property name="java.vm.vendor" value="Sun Microsystems Inc."/>
    <property name="java.vendor.url" value="http://java.sun.com/"/>
    <property name="path.separator" value=";"/>
    <property name="java.vm.name" value="Java HotSpot(TM) Client VM"/>
    <property name="file.encoding.pkg" value="sun.io"/>
    <property name="user.country" value="CN"/>
    <property name="sun.java.launcher" value="SUN_STANDARD"/>
    <property name="sun.os.patch.level" value="Service Pack 3"/>
    <property name="java.vm.specification.name" value="Java Virtual Machine Specification"/>
    <property name="user.dir" value="D:\gd\godmonth-commons"/>
    <property name="java.runtime.version" value="1.6.0_22-b04"/>
    <property name="java.awt.graphicsenv" value="sun.awt.Win32GraphicsEnvironment"/>
    <property name="basedir" value="D:\gd\godmonth-commons"/>
    <property name="java.endorsed.dirs" value="C:\Program Files\Java\jdk1.6.0_22\jre\lib\endorsed"/>
    <property name="os.arch" value="x86"/>
    <property name="surefire.real.class.path" value="D:\gd\godmonth-commons\target\surefire\surefirebooter4404187429545602568.jar"/>
    <property name="java.io.tmpdir" value="C:\DOCUME~1\shenyue\LOCALS~1\Temp\"/>
    <property name="line.separator" value="
"/>
    <property name="java.vm.specification.vendor" value="Sun Microsystems Inc."/>
    <property name="user.variant" value=""/>
    <property name="os.name" value="Windows XP"/>
    <property name="sun.jnu.encoding" value="GBK"/>
    <property name="java.library.path" value="C:\Program Files\Java\jdk1.6.0_22\jre\bin;.;C:\WINDOWS\Sun\Java\bin;C:\WINDOWS\system32;C:\WINDOWS;C:\Program Files\CollabNet\Subversion Client;C:\WINDOWS\system32;C:\WINDOWS;C:\WINDOWS\System32\Wbem;c:\Program Files\Intel\DMIX;C:\Program Files\Windows Imaging\;C:\Program Files\Java\jdk1.6.0_22\bin;D:\apache-maven-3.0.3\bin;C:\Program Files\TortoiseSVN\bin;C:\Program Files\Common Files\Thunder Network\KanKan\Codecs;C:\Program Files\EmEditor;C:\Program Files\TortoiseGit\bin;C:\Program Files\OpenVPN\bin"/>
    <property name="surefire.test.class.path" value="D:\gd\godmonth-commons\target\test-classes;D:\gd\godmonth-commons\target\classes;e:\m2\repository\commons-lang\commons-lang\2.6\commons-lang-2.6.jar;e:\m2\repository\org\testng\testng\5.14.6\testng-5.14.6.jar;e:\m2\repository\org\beanshell\bsh\2.0b4\bsh-2.0b4.jar;e:\m2\repository\com\google\inject\guice\2.0\guice-2.0.jar;e:\m2\repository\aopalliance\aopalliance\1.0\aopalliance-1.0.jar;e:\m2\repository\com\beust\jcommander\1.12\jcommander-1.12.jar;e:\m2\repository\org\slf4j\slf4j-api\1.6.1\slf4j-api-1.6.1.jar;e:\m2\repository\ch\qos\logback\logback-classic\0.9.27\logback-classic-0.9.27.jar;e:\m2\repository\ch\qos\logback\logback-core\0.9.27\logback-core-0.9.27.jar;e:\m2\repository\org\springframework\spring-beans\3.0.5.RELEASE\spring-beans-3.0.5.RELEASE.jar;e:\m2\repository\org\springframework\spring-core\3.0.5.RELEASE\spring-core-3.0.5.RELEASE.jar;e:\m2\repository\net\sf\ehcache\ehcache-core\2.4.0\ehcache-core-2.4.0.jar;e:\m2\repository\org\springframework\spring-context\3.0.5.RELEASE\spring-context-3.0.5.RELEASE.jar;e:\m2\repository\org\springframework\spring-aop\3.0.5.RELEASE\spring-aop-3.0.5.RELEASE.jar;e:\m2\repository\org\springframework\spring-expression\3.0.5.RELEASE\spring-expression-3.0.5.RELEASE.jar;e:\m2\repository\org\springframework\spring-asm\3.0.5.RELEASE\spring-asm-3.0.5.RELEASE.jar;e:\m2\repository\org\springframework\spring-context-support\3.0.5.RELEASE\spring-context-support-3.0.5.RELEASE.jar;e:\m2\repository\org\apache\commons\commons-math\2.1\commons-math-2.1.jar;e:\m2\repository\org\apache\commons\commons-io\1.3.2\commons-io-1.3.2.jar;"/>
    <property name="java.specification.name" value="Java Platform API Specification"/>
    <property name="java.class.version" value="50.0"/>
    <property name="sun.management.compiler" value="HotSpot Client Compiler"/>
    <property name="os.version" value="5.1"/>
    <property name="user.home" value="C:\Documents and Settings\shenyue"/>
    <property name="user.timezone" value="Asia/Shanghai"/>
    <property name="java.awt.printerjob" value="sun.awt.windows.WPrinterJob"/>
    <property name="java.specification.version" value="1.6"/>
    <property name="file.encoding" value="GBK"/>
    <property name="user.name" value="shenyue"/>
    <property name="java.class.path" value="D:\gd\godmonth-commons\target\test-classes;D:\gd\godmonth-commons\target\classes;e:\m2\repository\commons-lang\commons-lang\2.6\commons-lang-2.6.jar;e:\m2\repository\org\testng\testng\5.14.6\testng-5.14.6.jar;e:\m2\repository\org\beanshell\bsh\2.0b4\bsh-2.0b4.jar;e:\m2\repository\com\google\inject\guice\2.0\guice-2.0.jar;e:\m2\repository\aopalliance\aopalliance\1.0\aopalliance-1.0.jar;e:\m2\repository\com\beust\jcommander\1.12\jcommander-1.12.jar;e:\m2\repository\org\slf4j\slf4j-api\1.6.1\slf4j-api-1.6.1.jar;e:\m2\repository\ch\qos\logback\logback-classic\0.9.27\logback-classic-0.9.27.jar;e:\m2\repository\ch\qos\logback\logback-core\0.9.27\logback-core-0.9.27.jar;e:\m2\repository\org\springframework\spring-beans\3.0.5.RELEASE\spring-beans-3.0.5.RELEASE.jar;e:\m2\repository\org\springframework\spring-core\3.0.5.RELEASE\spring-core-3.0.5.RELEASE.jar;e:\m2\repository\net\sf\ehcache\ehcache-core\2.4.0\ehcache-core-2.4.0.jar;e:\m2\repository\org\springframework\spring-context\3.0.5.RELEASE\spring-context-3.0.5.RELEASE.jar;e:\m2\repository\org\springframework\spring-aop\3.0.5.RELEASE\spring-aop-3.0.5.RELEASE.jar;e:\m2\repository\org\springframework\spring-expression\3.0.5.RELEASE\spring-expression-3.0.5.RELEASE.jar;e:\m2\repository\org\springframework\spring-asm\3.0.5.RELEASE\spring-asm-3.0.5.RELEASE.jar;e:\m2\repository\org\springframework\spring-context-support\3.0.5.RELEASE\spring-context-support-3.0.5.RELEASE.jar;e:\m2\repository\org\apache\commons\commons-math\2.1\commons-math-2.1.jar;e:\m2\repository\org\apache\commons\commons-io\1.3.2\commons-io-1.3.2.jar;"/>
    <property name="java.vm.specification.version" value="1.0"/>
    <property name="sun.arch.data.model" value="32"/>
    <property name="java.home" value="C:\Program Files\Java\jdk1.6.0_22\jre"/>
    <property name="java.specification.vendor" value="Sun Microsystems Inc."/>
    <property name="user.language" value="zh"/>
    <property name="awt.toolkit" value="sun.awt.windows.WToolkit"/>
    <property name="java.vm.info" value="mixed mode, sharing"/>
    <property name="java.version" value="1.6.0_22"/>
    <property name="java.ext.dirs" value="C:\Program Files\Java\jdk1.6.0_22\jre\lib\ext;C:\WINDOWS\Sun\Java\lib\ext"/>
    <property name="sun.boot.class.path" value="C:\Program Files\Java\jdk1.6.0_22\jre\lib\resources.jar;C:\Program Files\Java\jdk1.6.0_22\jre\lib\rt.jar;C:\Program Files\Java\jdk1.6.0_22\jre\lib\sunrsasign.jar;C:\Program Files\Java\jdk1.6.0_22\jre\lib\jsse.jar;C:\Program Files\Java\jdk1.6.0_22\jre\lib\jce.jar;C:\Program Files\Java\jdk1.6.0_22\jre\lib\charsets.jar;C:\Program Files\Java\jdk1.6.0_22\jre\classes"/>
    <property name="java.vendor" value="Sun Microsystems Inc."/>
    <property name="localRepository" value="e:\m2\repository"/>
    <property name="file.separator" value="\"/>
    <property name="java.vendor.url.bug" value="http://java.sun.com/cgi-bin/bugreport.cgi"/>
    <property name="sun.cpu.endian" value="little"/>
    <property name="sun.io.unicode.encoding" value="UnicodeLittle"/>
    <property name="sun.desktop" value="windows"/>
    <property name="sun.cpu.isalist" value="pentium_pro+mmx pentium_pro pentium+mmx pentium i486 i386 i86"/>
  </properties>
  <testcase time="0.015" classname="com.godmonth.util.StringConverterTest" name="testDbColumn2BeanProperty"/>
  <testcase time="0.235" classname="com.godmonth.util.thread.EndlessTaskTest" name="testRunNoSleep"/>
  <testcase time="0.109" classname="com.godmonth.util.thread.EndlessTaskTest" name="testRunSleep10"/>
</testsuite>