<?xml version="1.0" encoding="UTF-8"?>
<!-- Generated by org.testng.reporters.JUnitReportReporter -->
<testsuite hostname="sh-shenyue" name="com.godmonth.util.thread.EndlessTaskTest" tests="2" failures="0" timestamp="17 Mar 2011 09:20:18 GMT" time="0.344" errors="0">
  <testcase name="testRunNoSleep" time="0.235" classname="com.godmonth.util.thread.EndlessTaskTest"/>
  <testcase name="testRunSleep10" time="0.109" classname="com.godmonth.util.thread.EndlessTaskTest"/>
</testsuite>
