<?xml version="1.0" encoding="UTF-8"?>
<!-- Generated by org.testng.reporters.JUnitReportReporter -->
<testsuite hostname="sh-shenyue" name="com.godmonth.util.StringConverterTest" tests="1" failures="0" timestamp="17 Mar 2011 09:20:18 GMT" time="0.015" errors="0">
  <testcase name="testDbColumn2BeanProperty" time="0.015" classname="com.godmonth.util.StringConverterTest"/>
</testsuite>
